<?xml version="1.0" encoding="UTF-8"?>
<!-- Generated by org.testng.reporters.JUnitReportReporter -->
<testsuite hostname="LAPTOP-8BMC31C7" failures="0" tests="1" name="Homework_AutoTest.XpathHomeWork_Day12" time="15.532" errors="0" timestamp="2023-11-26T17:55:19 ICT" skipped="0">
  <testcase classname="Homework_AutoTest.XpathHomeWork_Day12" name="dropdownlistState" time="15.532"/>
  <system-out/>
</testsuite> <!-- Homework_AutoTest.XpathHomeWork_Day12 -->
