<?xml version="1.0" encoding="UTF-8"?>
<!-- Generated by org.testng.reporters.JUnitReportReporter -->
<testsuite hostname="LAPTOP-8BMC31C7" failures="0" tests="2" name="automation.testsuite.Day8_Practice2" time="9.296" errors="0" timestamp="2023-11-07T21:13:15 ICT" skipped="0">
  <testcase classname="automation.testsuite.Day8_Practice2" name="getLocatorText" time="5.458"/>
  <system-out/>
  <testcase classname="automation.testsuite.Day8_Practice2" name="getLocatorByClassName_TagName" time="3.838"/>
  <system-out/>
</testsuite> <!-- automation.testsuite.Day8_Practice2 -->
