<?xml version="1.0" encoding="UTF-8"?>
<!-- Generated by org.testng.reporters.JUnitReportReporter -->
<testsuite hostname="LAPTOP-8BMC31C7" failures="0" tests="1" name="automation.testsuite.Day12_RadioButton" time="4.931" errors="0" timestamp="2023-11-25T20:51:09 ICT" skipped="0">
  <testcase classname="automation.testsuite.Day12_RadioButton" name="testCheckBox" time="4.931"/>
  <system-out/>
</testsuite> <!-- automation.testsuite.Day12_RadioButton -->
