<?xml version="1.0" encoding="UTF-8"?>
<!-- Generated by org.testng.reporters.JUnitReportReporter -->
<testsuite hostname="LAPTOP-8BMC31C7" failures="0" tests="1" name="automation.testsuite.Day8_Practice" time="29.218" errors="0" timestamp="2023-11-07T20:32:42 ICT" skipped="0">
  <testcase classname="automation.testsuite.Day8_Practice" name="getLocatorById" time="29.218"/>
  <system-out/>
</testsuite> <!-- automation.testsuite.Day8_Practice -->
