<?xml version="1.0" encoding="UTF-8"?>
<!-- Generated by org.testng.reporters.JUnitReportReporter -->
<testsuite hostname="LAPTOP-8BMC31C7" failures="0" tests="2" name="automation.testsuite.Day12_Checkbox" time="10.456" errors="0" timestamp="2023-11-21T20:13:27 ICT" skipped="0">
  <testcase classname="automation.testsuite.Day12_Checkbox" name="clickOnMultipleCheckbox" time="4.091"/>
  <system-out/>
  <testcase classname="automation.testsuite.Day12_Checkbox" name="ClickOnCheckBox" time="6.365"/>
  <system-out/>
</testsuite> <!-- automation.testsuite.Day12_Checkbox -->
