<?xml version="1.0" encoding="UTF-8"?>
<!-- Generated by org.testng.reporters.JUnitReportReporter -->
<testsuite hostname="LAPTOP-8BMC31C7" failures="0" tests="1" name="automation.testsuite.Day8_Practice" time="10.020" errors="0" timestamp="2023-11-13T09:23:41 ICT" skipped="0">
  <testcase classname="automation.testsuite.Day8_Practice" name="getLocatorById" time="10.020"/>
  <system-out/>
</testsuite> <!-- automation.testsuite.Day8_Practice -->
