<?xml version="1.0" encoding="UTF-8"?>
<!-- Generated by org.testng.reporters.JUnitReportReporter -->
<testsuite hostname="LAPTOP-8BMC31C7" failures="0" tests="1" name="Homework_AutoTest.login" time="23.726" errors="0" timestamp="2023-11-26T15:41:29 ICT" skipped="0">
  <testcase classname="Homework_AutoTest.login" name="TestLogin" time="23.726"/>
  <system-out/>
</testsuite> <!-- Homework_AutoTest.login -->
